<?xml version="1.0" encoding="UTF-8"?>
<!-- Generated by org.testng.reporters.JUnitReportReporter -->
<testsuite skipped="0" hostname="Sucheendra-PC" name="MagentoTest" tests="1" failures="0" timestamp="30 Nov 2018 17:33:22 GMT" time="44.310" errors="0">
  <testcase name="positiveCredential" time="44.310" classname="MagentoTest"/>
</testsuite> <!-- MagentoTest -->
